<?xml version="1.0" encoding="UTF-8"?>
<!-- Generated by org.testng.reporters.JUnitXMLReporter -->
<testsuite ignored="0" hostname="MallikaMahesh" failures="0" tests="1" name="QATests" time="0.191" errors="0" timestamp="2023-12-13T12:10:51 EST">
  <testcase classname="base.BaseTest" name="@BeforeTest beforeTestMethod" time="0.131">
    <failure type="java.lang.NoSuchFieldError" message="VERSION_2_3_30">
      <![CDATA[java.lang.NoSuchFieldError: VERSION_2_3_30
at com.aventstack.extentreports.reporter.AbstractFileReporter.loadTemplateModel(AbstractFileReporter.java:54)
at com.aventstack.extentreports.reporter.ExtentSparkReporter.start(ExtentSparkReporter.java:136)
at com.aventstack.extentreports.reporter.ExtentSparkReporter.access$000(ExtentSparkReporter.java:27)
at com.aventstack.extentreports.reporter.ExtentSparkReporter$1.onSubscribe(ExtentSparkReporter.java:116)
at io.reactivex.rxjava3.subjects.PublishSubject.subscribeActual(PublishSubject.java:133)
at io.reactivex.rxjava3.core.Observable.subscribe(Observable.java:13099)
at com.aventstack.extentreports.ReactiveSubject.attachReporter(ReactiveSubject.java:38)
at com.aventstack.extentreports.ExtentReports.attachReporter(ExtentReports.java:66)
at base.BaseTest.beforeTestMethod(BaseTest.java:38)
... Removed 24 stack frames]]>
    </failure>
  </testcase> <!-- @BeforeTest beforeTestMethod -->
  <testcase classname="base.BaseTest" name="@BeforeMethod beforeMethod" time="-1.702487451349E9">
    <skipped/>
  </testcase> <!-- @BeforeMethod beforeMethod -->
  <testcase classname="base.BaseTest" name="@AfterMethod afterMethod" time="-1.702487451357E9">
    <skipped/>
  </testcase> <!-- @AfterMethod afterMethod -->
  <testcase classname="base.BaseTest" name="@AfterTest afterTest" time="-1.702487451362E9">
    <skipped/>
  </testcase> <!-- @AfterTest afterTest -->
  <testcase classname="QATests.GoogleSearch" name="HitGoogleSearch" time="0.0">
    <skipped/>
  </testcase> <!-- HitGoogleSearch -->
</testsuite> <!-- QATests -->
