<?xml version="1.0" encoding="UTF-8"?>
<!-- Generated by org.testng.reporters.JUnitXMLReporter -->
<testsuite ignored="0" hostname="MallikaMahesh" failures="1" tests="1" name="Test" time="4.214" errors="0" timestamp="2024-01-24T14:06:11 EST">
  <testcase classname="QATests.SwagLabsAddToCart" name="AddToCart" time="2.396">
    <failure type="java.lang.IllegalMonitorStateException" message="current thread is not owner">
      <![CDATA[java.lang.IllegalMonitorStateException: current thread is not owner
at java.base/java.lang.Object.wait(Native Method)
at QATests.SwagLabsAddToCart.AddToCart(SwagLabsAddToCart.java:40)
at java.base/java.util.ArrayList.forEach(ArrayList.java:1511)
... Removed 27 stack frames]]>
    </failure>
  </testcase> <!-- AddToCart -->
</testsuite> <!-- Test -->
